<?xml version="1.0" encoding="UTF-8"?>
<!-- Generated by org.testng.reporters.JUnitXMLReporter -->
<testsuite ignored="0" hostname="DESKTOP-28G8RRJ" failures="0" tests="2" name="Default test" time="14.444" errors="0" timestamp="2024-09-04T11:27:10 IST">
  <testcase classname="testcases.verifyregistration1" name="verifyRegisterationWithValidData" time="6.485"/>
  <testcase classname="testcases.verifyregistration1" name="verifyragisterationblankdata" time="1.543"/>
</testsuite> <!-- Default test -->
