<?xml version="1.0" encoding="UTF-8"?>
<!-- Generated by org.testng.reporters.JUnitXMLReporter -->
<testsuite ignored="2" hostname="DESKTOP-28G8RRJ" failures="0" tests="4" name="Test" time="80.175" errors="0" timestamp="2024-09-09T09:41:12 IST">
  <testcase classname="testcases.verifyregistration1" name="verifyRegisterationWithValidData" time="8.188"/>
  <testcase classname="testcases.verifyregistration1" name="verifyragisterationblankdata" time="3.561"/>
  <testcase classname="testcases.verifyLogintestcases" name="verifyLoginWithValidData" time="11.955"/>
  <testcase classname="testcases.verifyLogintestcases" name="verifyLoginWithInValidData" time="2.931"/>
  <testcase classname="resources.BaseClass" name="@AfterSuite endReport" time="0.0">
    <ignored/>
  </testcase> <!-- @AfterSuite endReport -->
  <testcase classname="resources.BaseClass" name="@BeforeSuite ExtentReport" time="0.0">
    <ignored/>
  </testcase> <!-- @BeforeSuite ExtentReport -->
</testsuite> <!-- Test -->
