<?xml version="1.0" encoding="UTF-8"?>
<testng-results ignored="2" total="6" passed="4" failed="0" skipped="0">
  <reporter-output>
  </reporter-output>
  <suite started-at="2024-09-09T09:39:52 IST" name="Suite" finished-at="2024-09-09T09:41:12 IST" duration-ms="80175">
    <groups>
    </groups>
    <test started-at="2024-09-09T09:39:52 IST" name="Test" finished-at="2024-09-09T09:41:12 IST" duration-ms="80175">
      <class name="testcases.verifyLogintestcases">
        <test-method is-config="true" signature="launchBrowserAndOpenURl()[pri:0, instance:testcases.verifyLogintestcases@7f3b84b8]" started-at="2024-09-09T09:40:32 IST" name="launchBrowserAndOpenURl" finished-at="2024-09-09T09:40:39 IST" duration-ms="7096" status="PASS">
          <reporter-output>
          </reporter-output>
        </test-method> <!-- launchBrowserAndOpenURl -->
        <test-method signature="verifyLoginWithValidData()[pri:1, instance:testcases.verifyLogintestcases@7f3b84b8]" started-at="2024-09-09T09:40:39 IST" name="verifyLoginWithValidData" finished-at="2024-09-09T09:40:51 IST" duration-ms="11955" status="PASS">
          <reporter-output>
          </reporter-output>
        </test-method> <!-- verifyLoginWithValidData -->
        <test-method is-config="true" signature="closeBrowser1()[pri:0, instance:testcases.verifyLogintestcases@7f3b84b8]" started-at="2024-09-09T09:40:51 IST" name="closeBrowser1" finished-at="2024-09-09T09:40:51 IST" duration-ms="0" status="PASS">
          <reporter-output>
          </reporter-output>
        </test-method> <!-- closeBrowser1 -->
        <test-method is-config="true" signature="launchBrowserAndOpenURl()[pri:0, instance:testcases.verifyLogintestcases@7f3b84b8]" started-at="2024-09-09T09:40:51 IST" name="launchBrowserAndOpenURl" finished-at="2024-09-09T09:41:09 IST" duration-ms="18294" status="PASS">
          <reporter-output>
          </reporter-output>
        </test-method> <!-- launchBrowserAndOpenURl -->
        <test-method signature="verifyLoginWithInValidData()[pri:2, instance:testcases.verifyLogintestcases@7f3b84b8]" started-at="2024-09-09T09:41:09 IST" name="verifyLoginWithInValidData" finished-at="2024-09-09T09:41:12 IST" duration-ms="2931" status="PASS">
          <reporter-output>
          </reporter-output>
        </test-method> <!-- verifyLoginWithInValidData -->
        <test-method is-config="true" signature="closeBrowser1()[pri:0, instance:testcases.verifyLogintestcases@7f3b84b8]" started-at="2024-09-09T09:41:12 IST" name="closeBrowser1" finished-at="2024-09-09T09:41:12 IST" duration-ms="1" status="PASS">
          <reporter-output>
          </reporter-output>
        </test-method> <!-- closeBrowser1 -->
      </class> <!-- testcases.verifyLogintestcases -->
      <class name="testcases.verifyregistration1">
        <test-method is-config="true" signature="ExtentReport()[pri:0, instance:testcases.verifyregistration1@223d2c72]" started-at="2024-09-09T09:39:52 IST" name="ExtentReport" finished-at="2024-09-09T09:39:52 IST" duration-ms="383" status="PASS">
          <reporter-output>
          </reporter-output>
        </test-method> <!-- ExtentReport -->
        <test-method is-config="true" signature="launchBrowserAndOpenURl()[pri:0, instance:testcases.verifyregistration1@223d2c72]" started-at="2024-09-09T09:39:52 IST" name="launchBrowserAndOpenURl" finished-at="2024-09-09T09:40:07 IST" duration-ms="15203" status="PASS">
          <reporter-output>
          </reporter-output>
        </test-method> <!-- launchBrowserAndOpenURl -->
        <test-method signature="verifyRegisterationWithValidData()[pri:0, instance:testcases.verifyregistration1@223d2c72]" started-at="2024-09-09T09:40:07 IST" name="verifyRegisterationWithValidData" finished-at="2024-09-09T09:40:15 IST" duration-ms="8188" status="PASS">
          <reporter-output>
          </reporter-output>
        </test-method> <!-- verifyRegisterationWithValidData -->
        <test-method is-config="true" signature="closeBrowser1()[pri:0, instance:testcases.verifyregistration1@223d2c72]" started-at="2024-09-09T09:40:15 IST" name="closeBrowser1" finished-at="2024-09-09T09:40:15 IST" duration-ms="0" status="PASS">
          <reporter-output>
          </reporter-output>
        </test-method> <!-- closeBrowser1 -->
        <test-method is-config="true" signature="launchBrowserAndOpenURl()[pri:0, instance:testcases.verifyregistration1@223d2c72]" started-at="2024-09-09T09:40:15 IST" name="launchBrowserAndOpenURl" finished-at="2024-09-09T09:40:28 IST" duration-ms="12877" status="PASS">
          <reporter-output>
          </reporter-output>
        </test-method> <!-- launchBrowserAndOpenURl -->
        <test-method signature="verifyragisterationblankdata()[pri:0, instance:testcases.verifyregistration1@223d2c72]" started-at="2024-09-09T09:40:28 IST" name="verifyragisterationblankdata" finished-at="2024-09-09T09:40:32 IST" duration-ms="3561" status="PASS">
          <reporter-output>
          </reporter-output>
        </test-method> <!-- verifyragisterationblankdata -->
        <test-method is-config="true" signature="closeBrowser1()[pri:0, instance:testcases.verifyregistration1@223d2c72]" started-at="2024-09-09T09:40:32 IST" name="closeBrowser1" finished-at="2024-09-09T09:40:32 IST" duration-ms="0" status="PASS">
          <reporter-output>
          </reporter-output>
        </test-method> <!-- closeBrowser1 -->
        <test-method is-config="true" signature="endReport()[pri:0, instance:testcases.verifyregistration1@223d2c72]" started-at="2024-09-09T09:41:12 IST" name="endReport" finished-at="2024-09-09T09:41:13 IST" duration-ms="534" status="PASS">
          <reporter-output>
          </reporter-output>
        </test-method> <!-- endReport -->
      </class> <!-- testcases.verifyregistration1 -->
    </test> <!-- Test -->
  </suite> <!-- Suite -->
</testng-results>
